# ELBREAD: Elaboration process.
# ELBREAD: Elaboration time 0.0 [s].
# Library Manager: Library "grbc" contents cleared.
acom -reorder -dbg -work grbc -2002  $dsn/src/Mult_Tables.vhd $dsn/src/Sbox_Transformation.vhd $dsn/src/ReadWriteData.vhd $dsn/src/KeyExpansion.vhd $dsn/src/Decryption.vhd $dsn/src/Encryption.vhd $dsn/src/GRBC_ent.vhd $dsn/src/Datatypes/Byte.vhd $dsn/src/Datatypes/128_Stream.vhd $dsn/src/Datatypes/256_LUT.vhd $dsn/src/TestBench/aesTest_GRBC_s18.vhd $dsn/src/TestBench/grbc_TB.vhd
# Compile with File Reorder...
# File: F:\School\2018 Spring\My_Designs\project\GRBC\src\Mult_Tables.vhd
# Compile Package "mult_x"
# File: F:\School\2018 Spring\My_Designs\project\GRBC\src\Sbox_Transformation.vhd
# Compile Package "Sbox_Transformation"
# File: F:\School\2018 Spring\My_Designs\project\GRBC\src\ReadWriteData.vhd
# Compile Package "stream"
# Compile Package Body "stream"
# File: F:\School\2018 Spring\My_Designs\project\GRBC\src\KeyExpansion.vhd
# Compile Package "KeyExpansionFunc"
# Compile Package Body "KeyExpansionFunc"
# File: F:\School\2018 Spring\My_Designs\project\GRBC\src\Decryption.vhd
# Compile Package "Decryption"
# Compile Package Body "Decryption"
# File: F:\School\2018 Spring\My_Designs\project\GRBC\src\Encryption.vhd
# Compile Package "Encryption"
# Compile Package Body "Encryption"
# File: F:\School\2018 Spring\My_Designs\project\GRBC\src\GRBC_ent.vhd
# Compile Entity "GRBC"
# Compile Architecture "behavioral" of Entity "GRBC"
# File: F:\School\2018 Spring\My_Designs\project\GRBC\src\Datatypes\Byte.vhd
# Compile Package "byte"
# File: F:\School\2018 Spring\My_Designs\project\GRBC\src\Datatypes\128_Stream.vhd
# Compile Package "DoubleQWord"
# File: F:\School\2018 Spring\My_Designs\project\GRBC\src\Datatypes\256_LUT.vhd
# Compile Package "LUT_array"
# File: F:\School\2018 Spring\My_Designs\project\GRBC\src\TestBench\aesTest_GRBC_s18.vhd
# Compile Package "aesTest_GRBC_s18"
# Compile Package Body "aesTest_GRBC_s18"
# File: F:\School\2018 Spring\My_Designs\project\GRBC\src\TestBench\grbc_TB.vhd
# Compile Entity "grbc_tb"
# Compile Architecture "TB_ARCHITECTURE" of Entity "grbc_tb"
# Compile Configuration "TESTBENCH_FOR_grbc"
# Incorrect order of units detected.
# Automatic reorder and incremental recompilation of required units in progress.
# File: F:\School\2018 Spring\My_Designs\project\GRBC\src\Mult_Tables.vhd
# Compile Package "mult_x"
# File: F:\School\2018 Spring\My_Designs\project\GRBC\src\Sbox_Transformation.vhd
# Compile Package "Sbox_Transformation"
# File: F:\School\2018 Spring\My_Designs\project\GRBC\src\ReadWriteData.vhd
# Compile Package "stream"
# Compile Package Body "stream"
# File: F:\School\2018 Spring\My_Designs\project\GRBC\src\KeyExpansion.vhd
# Compile Package "KeyExpansionFunc"
# Compile Package Body "KeyExpansionFunc"
# File: F:\School\2018 Spring\My_Designs\project\GRBC\src\Decryption.vhd
# Compile Package "Decryption"
# Compile Package Body "Decryption"
# File: F:\School\2018 Spring\My_Designs\project\GRBC\src\Encryption.vhd
# Compile Package "Encryption"
# Compile Package Body "Encryption"
# File: F:\School\2018 Spring\My_Designs\project\GRBC\src\TestBench\aesTest_GRBC_s18.vhd
# Compile Package "aesTest_GRBC_s18"
# Compile Package Body "aesTest_GRBC_s18"
# File: F:\School\2018 Spring\My_Designs\project\GRBC\src\TestBench\grbc_TB.vhd
# Compile Entity "grbc_tb"
# Compile Architecture "TB_ARCHITECTURE" of Entity "grbc_tb"
# Compile Configuration "TESTBENCH_FOR_grbc"
# File: F:\School\2018 Spring\My_Designs\project\GRBC\src\GRBC_ent.vhd
# Compile Entity "GRBC"
# Compile Architecture "behavioral" of Entity "GRBC"
# Top-level unit(s) detected:
# Configuration => TESTBENCH_FOR_grbc
# File: F:\School\2018 Spring\My_Designs\project\GRBC\src\TestBench\grbc_TB.vhd
# Compile Architecture "TB_ARCHITECTURE" of Entity "grbc_tb"
# Compile Configuration "TESTBENCH_FOR_grbc"
# Compile success 0 Errors 0 Warnings  Analysis time :  3.0 [s]
# ELBREAD: Elaboration process.
# ELBREAD: Elaboration time 0.0 [s].
asim -O5 +access +r +m+testbench_for_grbc testbench_for_grbc
# ELBREAD: Elaboration process.
# ELBREAD: Elaboration time 0.1 [s].
# asim: Stack memory: 32MB
# asim: Retval memory: 32MB
# 
# KERNEL: Main thread initiated.
# KERNEL: Kernel process initialization phase.
# KERNEL: Time resolution set to 1ps.
# ELAB2: Elaboration final pass...
# ELAB2: Create instances ...
# ELAB2: Create instances complete.
# SLP: Started
# SLP: Elaboration phase ...
# SLP: Elaboration phase ... skipped, nothing to simulate in SLP mode : 0.0 [s]
# SLP: Finished : 0.0 [s]
# ELAB2: Elaboration final pass complete - time: 0.1 [s].
# KERNEL: Warning: You are using the Active-HDL EDU Edition. The performance of simulation is running at a reduced rate.
# KERNEL: Warning: Contact Aldec for available upgrade options - sales@aldec.com.
# KERNEL: Kernel process initialization done.
# Allocation: Simulator allocated 7149 kB (elbread=1023 elab2=5967 kernel=157 sdf=0)
#  10:15 PM, Wednesday, April 04, 2018
#  Simulation has been initialized
#  Selected Top-Level: testbench_for_grbc
run
# KERNEL: Simulation has finished. There are no more test vectors to simulate.
endsim
#  Simulation has been stopped
