Active-HDL 10.2.3312.5682  2018-04-04 22:15:56

Elaboration top modules:
VHDL Configuration            testbench_for_grbc


----------------------------------------------------------------------------------------------
Entity   | Architecture    | Library | Info | Compiler Version          | Compilation Options
----------------------------------------------------------------------------------------------
grbc_tb  | tb_architecture | grbc    |      | 10.2.3312.5682  (Windows) | -dbg
GRBC     | behavioral      | grbc    |      | 10.2.3312.5682  (Windows) | -dbg
----------------------------------------------------------------------------------------------

----------------------------------------------------------------------------------------------
VHDL Configuration         | Library | Info | Compiler Version          | Compilation Options
----------------------------------------------------------------------------------------------
testbench_for_grbc         | grbc    |      | 10.2.3312.5682  (Windows) | -dbg
----------------------------------------------------------------------------------------------

----------------------------------------------------------------------------------------------
VHDL Package               | Library | Info | Compiler Version          | Compilation Options
----------------------------------------------------------------------------------------------
standard                   | std     |      |                           | <unavailable>
TEXTIO                     | std     |      | 10.2.3312.5682  (Windows) |  -2008
std_logic_1164             | ieee    |      | 10.2.3312.5682  (Windows) |  -2008
byte                       | grbc    |      | 10.2.3312.5682  (Windows) | -dbg
DoubleQWord                | grbc    |      | 10.2.3312.5682  (Windows) | -dbg
stream                     | grbc    |      | 10.2.3312.5682  (Windows) | -dbg
NUMERIC_STD                | ieee    |      | 10.2.3312.5682  (Windows) |  -2008
aesTest_GRBC_s18           | grbc    |      | 10.2.3312.5682  (Windows) | -dbg
LUT_array                  | grbc    |      | 10.2.3312.5682  (Windows) | -dbg
Sbox_Transformation        | grbc    |      | 10.2.3312.5682  (Windows) | -dbg
KeyExpansionFunc           | grbc    |      | 10.2.3312.5682  (Windows) | -dbg
mult_x                     | grbc    |      | 10.2.3312.5682  (Windows) | -dbg
Encryption                 | grbc    |      | 10.2.3312.5682  (Windows) | -dbg
Decryption                 | grbc    |      | 10.2.3312.5682  (Windows) | -dbg
----------------------------------------------------------------------------------------------

----------------------------------------------------------------------------------------------
Library                    | Comment
----------------------------------------------------------------------------------------------
grbc                       | None
ieee                       | Standard IEEE packages library
std                        | Standard VHDL library
----------------------------------------------------------------------------------------------


Simulation Options: asim -O5 +access +r +m+testbench_for_grbc testbench_for_grbc


The performance of simulation is reduced. Version EDU Edition
